2021-03-06 10:51:36,965 INFO state:none MSG:SRAUV starting
2021-03-06 10:51:37,140 ERROR Thread creation err:[Errno 19] No such device
2021-03-06 10:51:37,141 INFO state:idle MSG:Num threads started:2
2021-03-06 10:51:37,142 INFO state:idle MSG:Starting update loop
2021-03-06 10:51:37,143 INFO update_telemetry(), tel:{'msg_type': 'telemetry', 'timestamp': '2021-03-06 14:21:37.143', 'source': 'srauv_main', 'dest': 'sim', 'msg_num': 0, 'state': 'idle', 'thrust_enabled': [False], 'pos_x': 0.1, 'pos_y': 2.1, 'pos_z': 1.1, 'depth': 0.0, 'alt': 0.0, 'imu_dict': {'heading': 315.1, 'vel_x': 11.1, 'vel_y': 12.1, 'vel_z': 11.1}, 'thrust_values': [0.0, 0.0, 0.0, 0.0, 0.0, 0.0], 'dist_values': [0.0, 0.0, 0.0, 0.0, 0.0, 0.0]}
2021-03-06 10:51:37,144 INFO state:idle update loop ms:1.0818120008480037
2021-03-06 10:51:37,343 INFO update_telemetry(), tel:{'msg_type': 'telemetry', 'timestamp': '2021-03-06 14:21:37.343', 'source': 'srauv_main', 'dest': 'sim', 'msg_num': 1, 'state': 'idle', 'thrust_enabled': [False], 'pos_x': 0.1, 'pos_y': 2.1, 'pos_z': 1.1, 'depth': 0.0, 'alt': 0.0, 'imu_dict': {'heading': 315.1, 'vel_x': 11.1, 'vel_y': 12.1, 'vel_z': 11.1}, 'thrust_values': [0, 0, 0, 0, 0, 0], 'dist_values': [0.0, 0.0, 0.0, 0.0, 0.0, 0.0]}
2021-03-06 10:51:37,344 INFO state:idle update loop ms:1.0608219999994617
2021-03-06 10:51:37,544 INFO update_telemetry(), tel:{'msg_type': 'telemetry', 'timestamp': '2021-03-06 14:21:37.543', 'source': 'srauv_main', 'dest': 'sim', 'msg_num': 2, 'state': 'idle', 'thrust_enabled': [False], 'pos_x': 0.1, 'pos_y': 2.1, 'pos_z': 1.1, 'depth': 0.0, 'alt': 0.0, 'imu_dict': {'heading': 315.1, 'vel_x': 11.1, 'vel_y': 12.1, 'vel_z': 11.1}, 'thrust_values': [0, 0, 0, 0, 0, 0], 'dist_values': [0.0, 0.0, 0.0, 0.0, 0.0, 0.0]}
2021-03-06 10:51:37,545 INFO state:idle update loop ms:1.446131000193418
2021-03-06 10:51:37,745 INFO update_telemetry(), tel:{'msg_type': 'telemetry', 'timestamp': '2021-03-06 14:21:37.744', 'source': 'srauv_main', 'dest': 'sim', 'msg_num': 3, 'state': 'idle', 'thrust_enabled': [False], 'pos_x': 0.1, 'pos_y': 2.1, 'pos_z': 1.1, 'depth': 0.0, 'alt': 0.0, 'imu_dict': {'heading': 315.1, 'vel_x': 11.1, 'vel_y': 12.1, 'vel_z': 11.1}, 'thrust_values': [0, 0, 0, 0, 0, 0], 'dist_values': [0.0, 0.0, 0.0, 0.0, 0.0, 0.0]}
2021-03-06 10:51:37,745 INFO state:idle update loop ms:1.1444680003478425
2021-03-06 10:51:37,945 INFO update_telemetry(), tel:{'msg_type': 'telemetry', 'timestamp': '2021-03-06 14:21:37.945', 'source': 'srauv_main', 'dest': 'sim', 'msg_num': 4, 'state': 'idle', 'thrust_enabled': [False], 'pos_x': 0.1, 'pos_y': 2.1, 'pos_z': 1.1, 'depth': 0.0, 'alt': 0.0, 'imu_dict': {'heading': 315.1, 'vel_x': 11.1, 'vel_y': 12.1, 'vel_z': 11.1}, 'thrust_values': [0, 0, 0, 0, 0, 0], 'dist_values': [0.0, 0.0, 0.0, 0.0, 0.0, 0.0]}
2021-03-06 10:51:37,946 INFO state:idle update loop ms:1.0914989998127567
2021-03-06 10:51:38,146 INFO update_telemetry(), tel:{'msg_type': 'telemetry', 'timestamp': '2021-03-06 14:21:38.145', 'source': 'srauv_main', 'dest': 'sim', 'msg_num': 5, 'state': 'idle', 'thrust_enabled': [False], 'pos_x': 0.1, 'pos_y': 2.1, 'pos_z': 1.1, 'depth': 0.0, 'alt': 0.0, 'imu_dict': {'heading': 315.1, 'vel_x': 11.1, 'vel_y': 12.1, 'vel_z': 11.1}, 'thrust_values': [0, 0, 0, 0, 0, 0], 'dist_values': [0.0, 0.0, 0.0, 0.0, 0.0, 0.0]}
2021-03-06 10:51:38,147 INFO state:idle update loop ms:2.2159670006658416
2021-03-06 10:51:38,345 INFO update_telemetry(), tel:{'msg_type': 'telemetry', 'timestamp': '2021-03-06 14:21:38.345', 'source': 'srauv_main', 'dest': 'sim', 'msg_num': 6, 'state': 'idle', 'thrust_enabled': [False], 'pos_x': 0.1, 'pos_y': 2.1, 'pos_z': 1.1, 'depth': 0.0, 'alt': 0.0, 'imu_dict': {'heading': 315.1, 'vel_x': 11.1, 'vel_y': 12.1, 'vel_z': 11.1}, 'thrust_values': [0, 0, 0, 0, 0, 0], 'dist_values': [0.0, 0.0, 0.0, 0.0, 0.0, 0.0]}
2021-03-06 10:51:38,346 INFO state:idle update loop ms:1.08920799993939
2021-03-06 10:51:38,545 INFO update_telemetry(), tel:{'msg_type': 'telemetry', 'timestamp': '2021-03-06 14:21:38.544', 'source': 'srauv_main', 'dest': 'sim', 'msg_num': 7, 'state': 'idle', 'thrust_enabled': [False], 'pos_x': 0.1, 'pos_y': 2.1, 'pos_z': 1.1, 'depth': 0.0, 'alt': 0.0, 'imu_dict': {'heading': 315.1, 'vel_x': 11.1, 'vel_y': 12.1, 'vel_z': 11.1}, 'thrust_values': [0, 0, 0, 0, 0, 0], 'dist_values': [0.0, 0.0, 0.0, 0.0, 0.0, 0.0]}
2021-03-06 10:51:38,546 INFO state:idle update loop ms:1.223320999997668
2021-03-06 10:51:38,745 INFO update_telemetry(), tel:{'msg_type': 'telemetry', 'timestamp': '2021-03-06 14:21:38.744', 'source': 'srauv_main', 'dest': 'sim', 'msg_num': 8, 'state': 'idle', 'thrust_enabled': [False], 'pos_x': 0.1, 'pos_y': 2.1, 'pos_z': 1.1, 'depth': 0.0, 'alt': 0.0, 'imu_dict': {'heading': 315.1, 'vel_x': 11.1, 'vel_y': 12.1, 'vel_z': 11.1}, 'thrust_values': [0, 0, 0, 0, 0, 0], 'dist_values': [0.0, 0.0, 0.0, 0.0, 0.0, 0.0]}
2021-03-06 10:51:38,745 INFO state:idle update loop ms:1.1226970000279834
2021-03-06 10:51:38,945 INFO update_telemetry(), tel:{'msg_type': 'telemetry', 'timestamp': '2021-03-06 14:21:38.945', 'source': 'srauv_main', 'dest': 'sim', 'msg_num': 9, 'state': 'idle', 'thrust_enabled': [False], 'pos_x': 0.1, 'pos_y': 2.1, 'pos_z': 1.1, 'depth': 0.0, 'alt': 0.0, 'imu_dict': {'heading': 315.1, 'vel_x': 11.1, 'vel_y': 12.1, 'vel_z': 11.1}, 'thrust_values': [0, 0, 0, 0, 0, 0], 'dist_values': [0.0, 0.0, 0.0, 0.0, 0.0, 0.0]}
2021-03-06 10:51:38,946 INFO state:idle update loop ms:0.9958239998013596
2021-03-06 10:51:39,145 INFO update_telemetry(), tel:{'msg_type': 'telemetry', 'timestamp': '2021-03-06 14:21:39.144', 'source': 'srauv_main', 'dest': 'sim', 'msg_num': 10, 'state': 'idle', 'thrust_enabled': [False], 'pos_x': 0.1, 'pos_y': 2.1, 'pos_z': 1.1, 'depth': 0.0, 'alt': 0.0, 'imu_dict': {'heading': 315.1, 'vel_x': 11.1, 'vel_y': 12.1, 'vel_z': 11.1}, 'thrust_values': [0, 0, 0, 0, 0, 0], 'dist_values': [0.0, 0.0, 0.0, 0.0, 0.0, 0.0]}
2021-03-06 10:51:39,146 INFO state:idle update loop ms:1.5190470003290102
2021-03-06 10:51:39,345 INFO update_telemetry(), tel:{'msg_type': 'telemetry', 'timestamp': '2021-03-06 14:21:39.345', 'source': 'srauv_main', 'dest': 'sim', 'msg_num': 11, 'state': 'idle', 'thrust_enabled': [False], 'pos_x': 0.1, 'pos_y': 2.1, 'pos_z': 1.1, 'depth': 0.0, 'alt': 0.0, 'imu_dict': {'heading': 315.1, 'vel_x': 11.1, 'vel_y': 12.1, 'vel_z': 11.1}, 'thrust_values': [0, 0, 0, 0, 0, 0], 'dist_values': [0.0, 0.0, 0.0, 0.0, 0.0, 0.0]}
2021-03-06 10:51:39,346 INFO state:idle update loop ms:1.036865000060061
2021-03-06 10:51:39,546 INFO update_telemetry(), tel:{'msg_type': 'telemetry', 'timestamp': '2021-03-06 14:21:39.545', 'source': 'srauv_main', 'dest': 'sim', 'msg_num': 12, 'state': 'idle', 'thrust_enabled': [False], 'pos_x': 0.1, 'pos_y': 2.1, 'pos_z': 1.1, 'depth': 0.0, 'alt': 0.0, 'imu_dict': {'heading': 315.1, 'vel_x': 11.1, 'vel_y': 12.1, 'vel_z': 11.1}, 'thrust_values': [0, 0, 0, 0, 0, 0], 'dist_values': [0.0, 0.0, 0.0, 0.0, 0.0, 0.0]}
2021-03-06 10:51:39,547 INFO state:idle update loop ms:1.4229539992811624
2021-03-06 10:51:39,746 INFO update_telemetry(), tel:{'msg_type': 'telemetry', 'timestamp': '2021-03-06 14:21:39.745', 'source': 'srauv_main', 'dest': 'sim', 'msg_num': 13, 'state': 'idle', 'thrust_enabled': [False], 'pos_x': 0.1, 'pos_y': 2.1, 'pos_z': 1.1, 'depth': 0.0, 'alt': 0.0, 'imu_dict': {'heading': 315.1, 'vel_x': 11.1, 'vel_y': 12.1, 'vel_z': 11.1}, 'thrust_values': [0, 0, 0, 0, 0, 0], 'dist_values': [0.0, 0.0, 0.0, 0.0, 0.0, 0.0]}
2021-03-06 10:51:39,752 INFO state:idle update loop ms:6.795297000280698
2021-03-06 10:51:39,946 INFO update_telemetry(), tel:{'msg_type': 'telemetry', 'timestamp': '2021-03-06 14:21:39.945', 'source': 'srauv_main', 'dest': 'sim', 'msg_num': 14, 'state': 'idle', 'thrust_enabled': [False], 'pos_x': 0.1, 'pos_y': 2.1, 'pos_z': 1.1, 'depth': 0.0, 'alt': 0.0, 'imu_dict': {'heading': 315.1, 'vel_x': 11.1, 'vel_y': 12.1, 'vel_z': 11.1}, 'thrust_values': [0, 0, 0, 0, 0, 0], 'dist_values': [0.0, 0.0, 0.0, 0.0, 0.0, 0.0]}
2021-03-06 10:51:39,951 INFO state:idle update loop ms:6.060407999939343
2021-03-06 10:51:40,146 INFO update_telemetry(), tel:{'msg_type': 'telemetry', 'timestamp': '2021-03-06 14:21:40.145', 'source': 'srauv_main', 'dest': 'sim', 'msg_num': 15, 'state': 'idle', 'thrust_enabled': [False], 'pos_x': 0.1, 'pos_y': 2.1, 'pos_z': 1.1, 'depth': 0.0, 'alt': 0.0, 'imu_dict': {'heading': 315.1, 'vel_x': 11.1, 'vel_y': 12.1, 'vel_z': 11.1}, 'thrust_values': [0, 0, 0, 0, 0, 0], 'dist_values': [0.0, 0.0, 0.0, 0.0, 0.0, 0.0]}
2021-03-06 10:51:40,146 INFO state:idle update loop ms:0.999572999717202
2021-03-06 10:51:40,346 INFO update_telemetry(), tel:{'msg_type': 'telemetry', 'timestamp': '2021-03-06 14:21:40.346', 'source': 'srauv_main', 'dest': 'sim', 'msg_num': 16, 'state': 'idle', 'thrust_enabled': [False], 'pos_x': 0.1, 'pos_y': 2.1, 'pos_z': 1.1, 'depth': 0.0, 'alt': 0.0, 'imu_dict': {'heading': 315.1, 'vel_x': 11.1, 'vel_y': 12.1, 'vel_z': 11.1}, 'thrust_values': [0, 0, 0, 0, 0, 0], 'dist_values': [0.0, 0.0, 0.0, 0.0, 0.0, 0.0]}
2021-03-06 10:51:40,352 INFO state:idle update loop ms:5.745306999415334
2021-03-06 10:51:40,546 INFO update_telemetry(), tel:{'msg_type': 'telemetry', 'timestamp': '2021-03-06 14:21:40.546', 'source': 'srauv_main', 'dest': 'sim', 'msg_num': 17, 'state': 'idle', 'thrust_enabled': [False], 'pos_x': 0.1, 'pos_y': 2.1, 'pos_z': 1.1, 'depth': 0.0, 'alt': 0.0, 'imu_dict': {'heading': 315.1, 'vel_x': 11.1, 'vel_y': 12.1, 'vel_z': 11.1}, 'thrust_values': [0, 0, 0, 0, 0, 0], 'dist_values': [0.0, 0.0, 0.0, 0.0, 0.0, 0.0]}
2021-03-06 10:51:40,552 INFO state:idle update loop ms:5.67218300056993
2021-03-06 10:51:40,746 INFO update_telemetry(), tel:{'msg_type': 'telemetry', 'timestamp': '2021-03-06 14:21:40.745', 'source': 'srauv_main', 'dest': 'sim', 'msg_num': 18, 'state': 'idle', 'thrust_enabled': [False], 'pos_x': 0.1, 'pos_y': 2.1, 'pos_z': 1.1, 'depth': 0.0, 'alt': 0.0, 'imu_dict': {'heading': 315.1, 'vel_x': 11.1, 'vel_y': 12.1, 'vel_z': 11.1}, 'thrust_values': [0, 0, 0, 0, 0, 0], 'dist_values': [0.0, 0.0, 0.0, 0.0, 0.0, 0.0]}
2021-03-06 10:51:40,750 INFO state:idle update loop ms:4.608392000591266
2021-03-06 10:51:40,946 INFO update_telemetry(), tel:{'msg_type': 'telemetry', 'timestamp': '2021-03-06 14:21:40.946', 'source': 'srauv_main', 'dest': 'sim', 'msg_num': 19, 'state': 'idle', 'thrust_enabled': [False], 'pos_x': 0.1, 'pos_y': 2.1, 'pos_z': 1.1, 'depth': 0.0, 'alt': 0.0, 'imu_dict': {'heading': 315.1, 'vel_x': 11.1, 'vel_y': 12.1, 'vel_z': 11.1}, 'thrust_values': [0, 0, 0, 0, 0, 0], 'dist_values': [0.0, 0.0, 0.0, 0.0, 0.0, 0.0]}
2021-03-06 10:51:40,950 INFO state:idle update loop ms:4.565372000797652
2021-03-06 10:51:41,145 INFO update_telemetry(), tel:{'msg_type': 'telemetry', 'timestamp': '2021-03-06 14:21:41.145', 'source': 'srauv_main', 'dest': 'sim', 'msg_num': 20, 'state': 'idle', 'thrust_enabled': [False], 'pos_x': 0.1, 'pos_y': 2.1, 'pos_z': 1.1, 'depth': 0.0, 'alt': 0.0, 'imu_dict': {'heading': 315.1, 'vel_x': 11.1, 'vel_y': 12.1, 'vel_z': 11.1}, 'thrust_values': [0, 0, 0, 0, 0, 0], 'dist_values': [0.0, 0.0, 0.0, 0.0, 0.0, 0.0]}
2021-03-06 10:51:41,150 INFO state:idle update loop ms:4.580578999593854
2021-03-06 10:51:41,346 INFO update_telemetry(), tel:{'msg_type': 'telemetry', 'timestamp': '2021-03-06 14:21:41.346', 'source': 'srauv_main', 'dest': 'sim', 'msg_num': 21, 'state': 'idle', 'thrust_enabled': [False], 'pos_x': 0.1, 'pos_y': 2.1, 'pos_z': 1.1, 'depth': 0.0, 'alt': 0.0, 'imu_dict': {'heading': 315.1, 'vel_x': 11.1, 'vel_y': 12.1, 'vel_z': 11.1}, 'thrust_values': [0, 0, 0, 0, 0, 0], 'dist_values': [0.0, 0.0, 0.0, 0.0, 0.0, 0.0]}
2021-03-06 10:51:41,351 INFO state:idle update loop ms:4.500370999267034
2021-03-06 10:51:41,546 INFO update_telemetry(), tel:{'msg_type': 'telemetry', 'timestamp': '2021-03-06 14:21:41.546', 'source': 'srauv_main', 'dest': 'sim', 'msg_num': 22, 'state': 'idle', 'thrust_enabled': [False], 'pos_x': 0.1, 'pos_y': 2.1, 'pos_z': 1.1, 'depth': 0.0, 'alt': 0.0, 'imu_dict': {'heading': 315.1, 'vel_x': 11.1, 'vel_y': 12.1, 'vel_z': 11.1}, 'thrust_values': [0, 0, 0, 0, 0, 0], 'dist_values': [0.0, 0.0, 0.0, 0.0, 0.0, 0.0]}
2021-03-06 10:51:41,551 INFO state:idle update loop ms:4.591048000293085
2021-03-06 10:51:41,746 INFO update_telemetry(), tel:{'msg_type': 'telemetry', 'timestamp': '2021-03-06 14:21:41.746', 'source': 'srauv_main', 'dest': 'sim', 'msg_num': 23, 'state': 'idle', 'thrust_enabled': [False], 'pos_x': 0.1, 'pos_y': 2.1, 'pos_z': 1.1, 'depth': 0.0, 'alt': 0.0, 'imu_dict': {'heading': 315.1, 'vel_x': 11.1, 'vel_y': 12.1, 'vel_z': 11.1}, 'thrust_values': [0, 0, 0, 0, 0, 0], 'dist_values': [0.0, 0.0, 0.0, 0.0, 0.0, 0.0]}
2021-03-06 10:51:41,750 INFO state:idle update loop ms:4.664848999709648
2021-03-06 10:51:41,946 INFO update_telemetry(), tel:{'msg_type': 'telemetry', 'timestamp': '2021-03-06 14:21:41.946', 'source': 'srauv_main', 'dest': 'sim', 'msg_num': 24, 'state': 'idle', 'thrust_enabled': [False], 'pos_x': 0.1, 'pos_y': 2.1, 'pos_z': 1.1, 'depth': 0.0, 'alt': 0.0, 'imu_dict': {'heading': 315.1, 'vel_x': 11.1, 'vel_y': 12.1, 'vel_z': 11.1}, 'thrust_values': [0, 0, 0, 0, 0, 0], 'dist_values': [0.0, 0.0, 0.0, 0.0, 0.0, 0.0]}
2021-03-06 10:51:41,951 INFO state:idle update loop ms:4.501882000113255
2021-03-06 10:51:42,146 INFO update_telemetry(), tel:{'msg_type': 'telemetry', 'timestamp': '2021-03-06 14:21:42.146', 'source': 'srauv_main', 'dest': 'sim', 'msg_num': 25, 'state': 'idle', 'thrust_enabled': [False], 'pos_x': 0.1, 'pos_y': 2.1, 'pos_z': 1.1, 'depth': 0.0, 'alt': 0.0, 'imu_dict': {'heading': 315.1, 'vel_x': 11.1, 'vel_y': 12.1, 'vel_z': 11.1}, 'thrust_values': [0, 0, 0, 0, 0, 0], 'dist_values': [0.0, 0.0, 0.0, 0.0, 0.0, 0.0]}
2021-03-06 10:51:42,151 INFO state:idle update loop ms:4.555059000267647
2021-03-06 10:51:42,347 INFO update_telemetry(), tel:{'msg_type': 'telemetry', 'timestamp': '2021-03-06 14:21:42.346', 'source': 'srauv_main', 'dest': 'sim', 'msg_num': 26, 'state': 'idle', 'thrust_enabled': [False], 'pos_x': 0.1, 'pos_y': 2.1, 'pos_z': 1.1, 'depth': 0.0, 'alt': 0.0, 'imu_dict': {'heading': 315.1, 'vel_x': 11.1, 'vel_y': 12.1, 'vel_z': 11.1}, 'thrust_values': [0, 0, 0, 0, 0, 0], 'dist_values': [0.0, 0.0, 0.0, 0.0, 0.0, 0.0]}
2021-03-06 10:51:42,355 INFO state:idle update loop ms:8.55022799987637
2021-03-06 10:51:42,546 INFO update_telemetry(), tel:{'msg_type': 'telemetry', 'timestamp': '2021-03-06 14:21:42.546', 'source': 'srauv_main', 'dest': 'sim', 'msg_num': 27, 'state': 'idle', 'thrust_enabled': [False], 'pos_x': 0.1, 'pos_y': 2.1, 'pos_z': 1.1, 'depth': 0.0, 'alt': 0.0, 'imu_dict': {'heading': 315.1, 'vel_x': 11.1, 'vel_y': 12.1, 'vel_z': 11.1}, 'thrust_values': [0, 0, 0, 0, 0, 0], 'dist_values': [0.0, 0.0, 0.0, 0.0, 0.0, 0.0]}
2021-03-06 10:51:42,551 INFO state:idle update loop ms:4.572662999635213
2021-03-06 10:51:42,747 INFO update_telemetry(), tel:{'msg_type': 'telemetry', 'timestamp': '2021-03-06 14:21:42.747', 'source': 'srauv_main', 'dest': 'sim', 'msg_num': 28, 'state': 'idle', 'thrust_enabled': [False], 'pos_x': 0.1, 'pos_y': 2.1, 'pos_z': 1.1, 'depth': 0.0, 'alt': 0.0, 'imu_dict': {'heading': 315.1, 'vel_x': 11.1, 'vel_y': 12.1, 'vel_z': 11.1}, 'thrust_values': [0, 0, 0, 0, 0, 0], 'dist_values': [0.0, 0.0, 0.0, 0.0, 0.0, 0.0]}
2021-03-06 10:51:42,752 INFO state:idle update loop ms:5.461873000058404
2021-03-06 10:51:42,947 INFO update_telemetry(), tel:{'msg_type': 'telemetry', 'timestamp': '2021-03-06 14:21:42.947', 'source': 'srauv_main', 'dest': 'sim', 'msg_num': 29, 'state': 'idle', 'thrust_enabled': [False], 'pos_x': 0.1, 'pos_y': 2.1, 'pos_z': 1.1, 'depth': 0.0, 'alt': 0.0, 'imu_dict': {'heading': 315.1, 'vel_x': 11.1, 'vel_y': 12.1, 'vel_z': 11.1}, 'thrust_values': [0, 0, 0, 0, 0, 0], 'dist_values': [0.0, 0.0, 0.0, 0.0, 0.0, 0.0]}
2021-03-06 10:51:42,952 INFO state:idle update loop ms:4.88703499922849
2021-03-06 10:51:43,147 INFO update_telemetry(), tel:{'msg_type': 'telemetry', 'timestamp': '2021-03-06 14:21:43.146', 'source': 'srauv_main', 'dest': 'sim', 'msg_num': 30, 'state': 'idle', 'thrust_enabled': [False], 'pos_x': 0.1, 'pos_y': 2.1, 'pos_z': 1.1, 'depth': 0.0, 'alt': 0.0, 'imu_dict': {'heading': 315.1, 'vel_x': 11.1, 'vel_y': 12.1, 'vel_z': 11.1}, 'thrust_values': [0, 0, 0, 0, 0, 0], 'dist_values': [0.0, 0.0, 0.0, 0.0, 0.0, 0.0]}
2021-03-06 10:51:43,151 INFO state:idle update loop ms:4.894846999377478
2021-03-06 10:51:43,347 INFO update_telemetry(), tel:{'msg_type': 'telemetry', 'timestamp': '2021-03-06 14:21:43.347', 'source': 'srauv_main', 'dest': 'sim', 'msg_num': 31, 'state': 'idle', 'thrust_enabled': [False], 'pos_x': 0.1, 'pos_y': 2.1, 'pos_z': 1.1, 'depth': 0.0, 'alt': 0.0, 'imu_dict': {'heading': 315.1, 'vel_x': 11.1, 'vel_y': 12.1, 'vel_z': 11.1}, 'thrust_values': [0, 0, 0, 0, 0, 0], 'dist_values': [0.0, 0.0, 0.0, 0.0, 0.0, 0.0]}
2021-03-06 10:51:43,348 INFO state:idle update loop ms:1.2141030001657782
2021-03-06 10:51:43,548 INFO update_telemetry(), tel:{'msg_type': 'telemetry', 'timestamp': '2021-03-06 14:21:43.547', 'source': 'srauv_main', 'dest': 'sim', 'msg_num': 32, 'state': 'idle', 'thrust_enabled': [False], 'pos_x': 0.1, 'pos_y': 2.1, 'pos_z': 1.1, 'depth': 0.0, 'alt': 0.0, 'imu_dict': {'heading': 315.1, 'vel_x': 11.1, 'vel_y': 12.1, 'vel_z': 11.1}, 'thrust_values': [0, 0, 0, 0, 0, 0], 'dist_values': [0.0, 0.0, 0.0, 0.0, 0.0, 0.0]}
2021-03-06 10:51:43,548 INFO state:idle update loop ms:1.0110839994013077
2021-03-06 10:51:43,748 INFO update_telemetry(), tel:{'msg_type': 'telemetry', 'timestamp': '2021-03-06 14:21:43.747', 'source': 'srauv_main', 'dest': 'sim', 'msg_num': 33, 'state': 'idle', 'thrust_enabled': [False], 'pos_x': 0.1, 'pos_y': 2.1, 'pos_z': 1.1, 'depth': 0.0, 'alt': 0.0, 'imu_dict': {'heading': 315.1, 'vel_x': 11.1, 'vel_y': 12.1, 'vel_z': 11.1}, 'thrust_values': [0, 0, 0, 0, 0, 0], 'dist_values': [0.0, 0.0, 0.0, 0.0, 0.0, 0.0]}
2021-03-06 10:51:43,748 INFO state:idle update loop ms:0.9863969999059918
2021-03-06 10:51:43,948 INFO update_telemetry(), tel:{'msg_type': 'telemetry', 'timestamp': '2021-03-06 14:21:43.948', 'source': 'srauv_main', 'dest': 'sim', 'msg_num': 34, 'state': 'idle', 'thrust_enabled': [False], 'pos_x': 0.1, 'pos_y': 2.1, 'pos_z': 1.1, 'depth': 0.0, 'alt': 0.0, 'imu_dict': {'heading': 315.1, 'vel_x': 11.1, 'vel_y': 12.1, 'vel_z': 11.1}, 'thrust_values': [0, 0, 0, 0, 0, 0], 'dist_values': [0.0, 0.0, 0.0, 0.0, 0.0, 0.0]}
2021-03-06 10:51:43,949 INFO state:idle update loop ms:0.9875939995254157
2021-03-06 10:51:44,148 INFO update_telemetry(), tel:{'msg_type': 'telemetry', 'timestamp': '2021-03-06 14:21:44.147', 'source': 'srauv_main', 'dest': 'sim', 'msg_num': 35, 'state': 'idle', 'thrust_enabled': [False], 'pos_x': 0.1, 'pos_y': 2.1, 'pos_z': 1.1, 'depth': 0.0, 'alt': 0.0, 'imu_dict': {'heading': 315.1, 'vel_x': 11.1, 'vel_y': 12.1, 'vel_z': 11.1}, 'thrust_values': [0, 0, 0, 0, 0, 0], 'dist_values': [0.0, 0.0, 0.0, 0.0, 0.0, 0.0]}
2021-03-06 10:51:44,148 INFO state:idle update loop ms:0.9769179996510502
2021-03-06 10:51:44,348 INFO update_telemetry(), tel:{'msg_type': 'telemetry', 'timestamp': '2021-03-06 14:21:44.348', 'source': 'srauv_main', 'dest': 'sim', 'msg_num': 36, 'state': 'idle', 'thrust_enabled': [False], 'pos_x': 0.1, 'pos_y': 2.1, 'pos_z': 1.1, 'depth': 0.0, 'alt': 0.0, 'imu_dict': {'heading': 315.1, 'vel_x': 11.1, 'vel_y': 12.1, 'vel_z': 11.1}, 'thrust_values': [0, 0, 0, 0, 0, 0], 'dist_values': [0.0, 0.0, 0.0, 0.0, 0.0, 0.0]}
2021-03-06 10:51:44,349 INFO state:idle update loop ms:0.9868650004136725
2021-03-06 10:51:44,548 INFO update_telemetry(), tel:{'msg_type': 'telemetry', 'timestamp': '2021-03-06 14:21:44.548', 'source': 'srauv_main', 'dest': 'sim', 'msg_num': 37, 'state': 'idle', 'thrust_enabled': [False], 'pos_x': 0.1, 'pos_y': 2.1, 'pos_z': 1.1, 'depth': 0.0, 'alt': 0.0, 'imu_dict': {'heading': 315.1, 'vel_x': 11.1, 'vel_y': 12.1, 'vel_z': 11.1}, 'thrust_values': [0, 0, 0, 0, 0, 0], 'dist_values': [0.0, 0.0, 0.0, 0.0, 0.0, 0.0]}
2021-03-06 10:51:44,549 INFO state:idle update loop ms:0.9892090001812903
2021-03-06 10:51:44,748 INFO update_telemetry(), tel:{'msg_type': 'telemetry', 'timestamp': '2021-03-06 14:21:44.748', 'source': 'srauv_main', 'dest': 'sim', 'msg_num': 38, 'state': 'idle', 'thrust_enabled': [False], 'pos_x': 0.1, 'pos_y': 2.1, 'pos_z': 1.1, 'depth': 0.0, 'alt': 0.0, 'imu_dict': {'heading': 315.1, 'vel_x': 11.1, 'vel_y': 12.1, 'vel_z': 11.1}, 'thrust_values': [0, 0, 0, 0, 0, 0], 'dist_values': [0.0, 0.0, 0.0, 0.0, 0.0, 0.0]}
2021-03-06 10:51:44,749 INFO state:idle update loop ms:0.9970739993150346
2021-03-06 10:51:44,949 INFO update_telemetry(), tel:{'msg_type': 'telemetry', 'timestamp': '2021-03-06 14:21:44.948', 'source': 'srauv_main', 'dest': 'sim', 'msg_num': 39, 'state': 'idle', 'thrust_enabled': [False], 'pos_x': 0.1, 'pos_y': 2.1, 'pos_z': 1.1, 'depth': 0.0, 'alt': 0.0, 'imu_dict': {'heading': 315.1, 'vel_x': 11.1, 'vel_y': 12.1, 'vel_z': 11.1}, 'thrust_values': [0, 0, 0, 0, 0, 0], 'dist_values': [0.0, 0.0, 0.0, 0.0, 0.0, 0.0]}
2021-03-06 10:51:44,951 INFO state:idle update loop ms:2.2320610005408525
2021-03-06 10:51:45,149 INFO update_telemetry(), tel:{'msg_type': 'telemetry', 'timestamp': '2021-03-06 14:21:45.148', 'source': 'srauv_main', 'dest': 'sim', 'msg_num': 40, 'state': 'idle', 'thrust_enabled': [False], 'pos_x': 0.1, 'pos_y': 2.1, 'pos_z': 1.1, 'depth': 0.0, 'alt': 0.0, 'imu_dict': {'heading': 315.1, 'vel_x': 11.1, 'vel_y': 12.1, 'vel_z': 11.1}, 'thrust_values': [0, 0, 0, 0, 0, 0], 'dist_values': [0.0, 0.0, 0.0, 0.0, 0.0, 0.0]}
2021-03-06 10:51:45,153 INFO state:idle update loop ms:4.671411999879638
2021-03-06 10:51:45,349 INFO update_telemetry(), tel:{'msg_type': 'telemetry', 'timestamp': '2021-03-06 14:21:45.348', 'source': 'srauv_main', 'dest': 'sim', 'msg_num': 41, 'state': 'idle', 'thrust_enabled': [False], 'pos_x': 0.1, 'pos_y': 2.1, 'pos_z': 1.1, 'depth': 0.0, 'alt': 0.0, 'imu_dict': {'heading': 315.1, 'vel_x': 11.1, 'vel_y': 12.1, 'vel_z': 11.1}, 'thrust_values': [0, 0, 0, 0, 0, 0], 'dist_values': [0.0, 0.0, 0.0, 0.0, 0.0, 0.0]}
2021-03-06 10:51:45,353 INFO state:idle update loop ms:4.902243000287854
2021-03-06 10:51:45,549 INFO update_telemetry(), tel:{'msg_type': 'telemetry', 'timestamp': '2021-03-06 14:21:45.549', 'source': 'srauv_main', 'dest': 'sim', 'msg_num': 42, 'state': 'idle', 'thrust_enabled': [False], 'pos_x': 0.1, 'pos_y': 2.1, 'pos_z': 1.1, 'depth': 0.0, 'alt': 0.0, 'imu_dict': {'heading': 315.1, 'vel_x': 11.1, 'vel_y': 12.1, 'vel_z': 11.1}, 'thrust_values': [0, 0, 0, 0, 0, 0], 'dist_values': [0.0, 0.0, 0.0, 0.0, 0.0, 0.0]}
2021-03-06 10:51:45,557 INFO state:idle update loop ms:5.506821000381024
2021-03-06 10:51:45,749 INFO update_telemetry(), tel:{'msg_type': 'telemetry', 'timestamp': '2021-03-06 14:21:45.749', 'source': 'srauv_main', 'dest': 'sim', 'msg_num': 43, 'state': 'idle', 'thrust_enabled': [False], 'pos_x': 0.1, 'pos_y': 2.1, 'pos_z': 1.1, 'depth': 0.0, 'alt': 0.0, 'imu_dict': {'heading': 315.1, 'vel_x': 11.1, 'vel_y': 12.1, 'vel_z': 11.1}, 'thrust_values': [0, 0, 0, 0, 0, 0], 'dist_values': [0.0, 0.0, 0.0, 0.0, 0.0, 0.0]}
2021-03-06 10:51:45,754 INFO state:idle update loop ms:4.886878999968758
2021-03-06 10:51:45,949 INFO update_telemetry(), tel:{'msg_type': 'telemetry', 'timestamp': '2021-03-06 14:21:45.948', 'source': 'srauv_main', 'dest': 'sim', 'msg_num': 44, 'state': 'idle', 'thrust_enabled': [False], 'pos_x': 0.1, 'pos_y': 2.1, 'pos_z': 1.1, 'depth': 0.0, 'alt': 0.0, 'imu_dict': {'heading': 315.1, 'vel_x': 11.1, 'vel_y': 12.1, 'vel_z': 11.1}, 'thrust_values': [0, 0, 0, 0, 0, 0], 'dist_values': [0.0, 0.0, 0.0, 0.0, 0.0, 0.0]}
2021-03-06 10:51:45,954 INFO state:idle update loop ms:5.8454109994272585
2021-03-06 10:51:46,149 INFO update_telemetry(), tel:{'msg_type': 'telemetry', 'timestamp': '2021-03-06 14:21:46.149', 'source': 'srauv_main', 'dest': 'sim', 'msg_num': 45, 'state': 'idle', 'thrust_enabled': [False], 'pos_x': 0.1, 'pos_y': 2.1, 'pos_z': 1.1, 'depth': 0.0, 'alt': 0.0, 'imu_dict': {'heading': 315.1, 'vel_x': 11.1, 'vel_y': 12.1, 'vel_z': 11.1}, 'thrust_values': [0, 0, 0, 0, 0, 0], 'dist_values': [0.0, 0.0, 0.0, 0.0, 0.0, 0.0]}
2021-03-06 10:51:46,157 INFO state:idle update loop ms:8.462207999400562
2021-03-06 10:51:46,349 INFO update_telemetry(), tel:{'msg_type': 'telemetry', 'timestamp': '2021-03-06 14:21:46.348', 'source': 'srauv_main', 'dest': 'sim', 'msg_num': 46, 'state': 'idle', 'thrust_enabled': [False], 'pos_x': 0.1, 'pos_y': 2.1, 'pos_z': 1.1, 'depth': 0.0, 'alt': 0.0, 'imu_dict': {'heading': 315.1, 'vel_x': 11.1, 'vel_y': 12.1, 'vel_z': 11.1}, 'thrust_values': [0, 0, 0, 0, 0, 0], 'dist_values': [0.0, 0.0, 0.0, 0.0, 0.0, 0.0]}
2021-03-06 10:51:46,349 INFO state:idle update loop ms:1.0316040006728144
2021-03-06 10:51:46,549 INFO update_telemetry(), tel:{'msg_type': 'telemetry', 'timestamp': '2021-03-06 14:21:46.548', 'source': 'srauv_main', 'dest': 'sim', 'msg_num': 47, 'state': 'idle', 'thrust_enabled': [False], 'pos_x': 0.1, 'pos_y': 2.1, 'pos_z': 1.1, 'depth': 0.0, 'alt': 0.0, 'imu_dict': {'heading': 315.1, 'vel_x': 11.1, 'vel_y': 12.1, 'vel_z': 11.1}, 'thrust_values': [0, 0, 0, 0, 0, 0], 'dist_values': [0.0, 0.0, 0.0, 0.0, 0.0, 0.0]}
2021-03-06 10:51:46,553 INFO state:idle update loop ms:4.903129000012996
2021-03-06 10:51:46,749 INFO update_telemetry(), tel:{'msg_type': 'telemetry', 'timestamp': '2021-03-06 14:21:46.748', 'source': 'srauv_main', 'dest': 'sim', 'msg_num': 48, 'state': 'idle', 'thrust_enabled': [False], 'pos_x': 0.1, 'pos_y': 2.1, 'pos_z': 1.1, 'depth': 0.0, 'alt': 0.0, 'imu_dict': {'heading': 315.1, 'vel_x': 11.1, 'vel_y': 12.1, 'vel_z': 11.1}, 'thrust_values': [0, 0, 0, 0, 0, 0], 'dist_values': [0.0, 0.0, 0.0, 0.0, 0.0, 0.0]}
2021-03-06 10:51:46,755 INFO state:idle update loop ms:6.582435000382247
2021-03-06 10:51:46,949 INFO update_telemetry(), tel:{'msg_type': 'telemetry', 'timestamp': '2021-03-06 14:21:46.948', 'source': 'srauv_main', 'dest': 'sim', 'msg_num': 49, 'state': 'idle', 'thrust_enabled': [False], 'pos_x': 0.1, 'pos_y': 2.1, 'pos_z': 1.1, 'depth': 0.0, 'alt': 0.0, 'imu_dict': {'heading': 315.1, 'vel_x': 11.1, 'vel_y': 12.1, 'vel_z': 11.1}, 'thrust_values': [0, 0, 0, 0, 0, 0], 'dist_values': [0.0, 0.0, 0.0, 0.0, 0.0, 0.0]}
2021-03-06 10:51:46,950 INFO state:idle update loop ms:1.2662379995163064
2021-03-06 10:51:47,149 INFO update_telemetry(), tel:{'msg_type': 'telemetry', 'timestamp': '2021-03-06 14:21:47.149', 'source': 'srauv_main', 'dest': 'sim', 'msg_num': 50, 'state': 'idle', 'thrust_enabled': [False], 'pos_x': 0.1, 'pos_y': 2.1, 'pos_z': 1.1, 'depth': 0.0, 'alt': 0.0, 'imu_dict': {'heading': 315.1, 'vel_x': 11.1, 'vel_y': 12.1, 'vel_z': 11.1}, 'thrust_values': [0, 0, 0, 0, 0, 0], 'dist_values': [0.0, 0.0, 0.0, 0.0, 0.0, 0.0]}
2021-03-06 10:51:47,154 INFO state:idle update loop ms:5.7839529999910155
2021-03-06 10:51:47,349 INFO update_telemetry(), tel:{'msg_type': 'telemetry', 'timestamp': '2021-03-06 14:21:47.349', 'source': 'srauv_main', 'dest': 'sim', 'msg_num': 51, 'state': 'idle', 'thrust_enabled': [False], 'pos_x': 0.1, 'pos_y': 2.1, 'pos_z': 1.1, 'depth': 0.0, 'alt': 0.0, 'imu_dict': {'heading': 315.1, 'vel_x': 11.1, 'vel_y': 12.1, 'vel_z': 11.1}, 'thrust_values': [0, 0, 0, 0, 0, 0], 'dist_values': [0.0, 0.0, 0.0, 0.0, 0.0, 0.0]}
2021-03-06 10:51:47,359 INFO state:idle update loop ms:10.187867999775335
2021-03-06 10:51:47,550 INFO update_telemetry(), tel:{'msg_type': 'telemetry', 'timestamp': '2021-03-06 14:21:47.549', 'source': 'srauv_main', 'dest': 'sim', 'msg_num': 52, 'state': 'idle', 'thrust_enabled': [False], 'pos_x': 0.1, 'pos_y': 2.1, 'pos_z': 1.1, 'depth': 0.0, 'alt': 0.0, 'imu_dict': {'heading': 315.1, 'vel_x': 11.1, 'vel_y': 12.1, 'vel_z': 11.1}, 'thrust_values': [0, 0, 0, 0, 0, 0], 'dist_values': [0.0, 0.0, 0.0, 0.0, 0.0, 0.0]}
2021-03-06 10:51:47,557 INFO state:idle update loop ms:7.770340000206488
2021-03-06 10:51:47,749 INFO update_telemetry(), tel:{'msg_type': 'telemetry', 'timestamp': '2021-03-06 14:21:47.749', 'source': 'srauv_main', 'dest': 'sim', 'msg_num': 53, 'state': 'idle', 'thrust_enabled': [False], 'pos_x': 0.1, 'pos_y': 2.1, 'pos_z': 1.1, 'depth': 0.0, 'alt': 0.0, 'imu_dict': {'heading': 315.1, 'vel_x': 11.1, 'vel_y': 12.1, 'vel_z': 11.1}, 'thrust_values': [0, 0, 0, 0, 0, 0], 'dist_values': [0.0, 0.0, 0.0, 0.0, 0.0, 0.0]}
2021-03-06 10:51:47,750 INFO state:idle update loop ms:0.9651469999880646
2021-03-06 10:51:47,949 INFO update_telemetry(), tel:{'msg_type': 'telemetry', 'timestamp': '2021-03-06 14:21:47.948', 'source': 'srauv_main', 'dest': 'sim', 'msg_num': 54, 'state': 'idle', 'thrust_enabled': [False], 'pos_x': 0.1, 'pos_y': 2.1, 'pos_z': 1.1, 'depth': 0.0, 'alt': 0.0, 'imu_dict': {'heading': 315.1, 'vel_x': 11.1, 'vel_y': 12.1, 'vel_z': 11.1}, 'thrust_values': [0, 0, 0, 0, 0, 0], 'dist_values': [0.0, 0.0, 0.0, 0.0, 0.0, 0.0]}
2021-03-06 10:51:47,953 INFO state:idle update loop ms:4.442352000296523
2021-03-06 10:51:48,149 INFO update_telemetry(), tel:{'msg_type': 'telemetry', 'timestamp': '2021-03-06 14:21:48.149', 'source': 'srauv_main', 'dest': 'sim', 'msg_num': 55, 'state': 'idle', 'thrust_enabled': [False], 'pos_x': 0.1, 'pos_y': 2.1, 'pos_z': 1.1, 'depth': 0.0, 'alt': 0.0, 'imu_dict': {'heading': 315.1, 'vel_x': 11.1, 'vel_y': 12.1, 'vel_z': 11.1}, 'thrust_values': [0, 0, 0, 0, 0, 0], 'dist_values': [0.0, 0.0, 0.0, 0.0, 0.0, 0.0]}
2021-03-06 10:51:48,153 INFO state:idle update loop ms:4.393498999888834
2021-03-06 10:51:48,228 ERROR Keyboad Interrupt caught
2021-03-06 10:51:48,233 INFO Trying to stop threads...
2021-03-06 10:51:48,235 ERROR Thread stopping err:cannot join thread before it is started
2021-03-06 10:51:48,236 INFO Stopped threads
